Flow report for contador_programa
Sun Aug 28 17:52:32 2016
Quartus II 64-Bit Version 13.0.1 Build 232 06/12/2013 Service Pack 1 SJ Web Edition


---------------------
; Table of Contents ;
---------------------
  1. Legal Notice
  2. Flow Summary
  3. Flow Settings
  4. Flow Non-Default Global Settings
  5. Flow Elapsed Time
  6. Flow OS Summary
  7. Flow Log
  8. Flow Messages
  9. Flow Suppressed Messages



----------------
; Legal Notice ;
----------------
Copyright (C) 1991-2013 Altera Corporation
Your use of Altera Corporation's design tools, logic functions 
and other software and tools, and its AMPP partner logic 
functions, and any output files from any of the foregoing 
(including device programming or simulation files), and any 
associated documentation or information are expressly subject 
to the terms and conditions of the Altera Program License 
Subscription Agreement, Altera MegaCore Function License 
Agreement, or other applicable license agreement, including, 
without limitation, that your use is for the sole purpose of 
programming logic devices manufactured by Altera and sold by 
Altera or its authorized distributors.  Please refer to the 
applicable agreement for further details.



+--------------------------------------------------------------------------------------+
; Flow Summary                                                                         ;
+------------------------------------+-------------------------------------------------+
; Flow Status                        ; Successful - Sun Aug 28 17:52:25 2016           ;
; Quartus II 64-Bit Version          ; 13.0.1 Build 232 06/12/2013 SP 1 SJ Web Edition ;
; Revision Name                      ; contador_programa                               ;
; Top-level Entity Name              ; contador_programa                               ;
; Family                             ; Cyclone IV GX                                   ;
; Total logic elements               ; 124 / 21,280 ( < 1 % )                          ;
;     Total combinational functions  ; 124 / 21,280 ( < 1 % )                          ;
;     Dedicated logic registers      ; 32 / 21,280 ( < 1 % )                           ;
; Total registers                    ; 32                                              ;
; Total pins                         ; 111 / 167 ( 66 % )                              ;
; Total virtual pins                 ; 0                                               ;
; Total memory bits                  ; 0 / 774,144 ( 0 % )                             ;
; Embedded Multiplier 9-bit elements ; 0 / 80 ( 0 % )                                  ;
; Total GXB Receiver Channel PCS     ; 0 / 4 ( 0 % )                                   ;
; Total GXB Receiver Channel PMA     ; 0 / 4 ( 0 % )                                   ;
; Total GXB Transmitter Channel PCS  ; 0 / 4 ( 0 % )                                   ;
; Total GXB Transmitter Channel PMA  ; 0 / 4 ( 0 % )                                   ;
; Total PLLs                         ; 0 / 4 ( 0 % )                                   ;
; Device                             ; EP4CGX22CF19C6                                  ;
; Timing Models                      ; Final                                           ;
+------------------------------------+-------------------------------------------------+


+-----------------------------------------+
; Flow Settings                           ;
+-------------------+---------------------+
; Option            ; Setting             ;
+-------------------+---------------------+
; Start date & time ; 08/28/2016 17:51:53 ;
; Main task         ; Compilation         ;
; Revision Name     ; contador_programa   ;
+-------------------+---------------------+


+------------------------------------------------------------------------------------------------------------------+
; Flow Non-Default Global Settings                                                                                 ;
+-------------------------------------+---------------------------------+---------------+-------------+------------+
; Assignment Name                     ; Value                           ; Default Value ; Entity Name ; Section Id ;
+-------------------------------------+---------------------------------+---------------+-------------+------------+
; COMPILER_SIGNATURE_ID               ; 260535869999493.147241751303648 ; --            ; --          ; --         ;
; PARTITION_COLOR                     ; 16764057                        ; --            ; --          ; Top        ;
; PARTITION_FITTER_PRESERVATION_LEVEL ; PLACEMENT_AND_ROUTING           ; --            ; --          ; Top        ;
; PARTITION_NETLIST_TYPE              ; SOURCE                          ; --            ; --          ; Top        ;
; PROJECT_OUTPUT_DIRECTORY            ; output_files                    ; --            ; --          ; --         ;
+-------------------------------------+---------------------------------+---------------+-------------+------------+


+-------------------------------------------------------------------------------------------------------------------------------+
; Flow Elapsed Time                                                                                                             ;
+---------------------------+--------------+-------------------------+---------------------+------------------------------------+
; Module Name               ; Elapsed Time ; Average Processors Used ; Peak Virtual Memory ; Total CPU Time (on all processors) ;
+---------------------------+--------------+-------------------------+---------------------+------------------------------------+
; Analysis & Synthesis      ; 00:00:03     ; 1.0                     ; 522 MB              ; 00:00:02                           ;
; Fitter                    ; 00:00:21     ; 1.0                     ; 895 MB              ; 00:00:18                           ;
; Assembler                 ; 00:00:03     ; 1.0                     ; 486 MB              ; 00:00:03                           ;
; TimeQuest Timing Analyzer ; 00:00:06     ; 1.0                     ; 500 MB              ; 00:00:05                           ;
; Total                     ; 00:00:33     ; --                      ; --                  ; 00:00:28                           ;
+---------------------------+--------------+-------------------------+---------------------+------------------------------------+


+----------------------------------------------------------------------------------------+
; Flow OS Summary                                                                        ;
+---------------------------+------------------+-----------+------------+----------------+
; Module Name               ; Machine Hostname ; OS Name   ; OS Version ; Processor type ;
+---------------------------+------------------+-----------+------------+----------------+
; Analysis & Synthesis      ; DESKTOP-80MSEMK  ; Windows 7 ; 6.2        ; x86_64         ;
; Fitter                    ; DESKTOP-80MSEMK  ; Windows 7 ; 6.2        ; x86_64         ;
; Assembler                 ; DESKTOP-80MSEMK  ; Windows 7 ; 6.2        ; x86_64         ;
; TimeQuest Timing Analyzer ; DESKTOP-80MSEMK  ; Windows 7 ; 6.2        ; x86_64         ;
+---------------------------+------------------+-----------+------------+----------------+


------------
; Flow Log ;
------------
quartus_map --read_settings_files=on --write_settings_files=off contador_programa -c contador_programa
quartus_fit --read_settings_files=off --write_settings_files=off contador_programa -c contador_programa
quartus_asm --read_settings_files=off --write_settings_files=off contador_programa -c contador_programa
quartus_sta contador_programa -c contador_programa



