Flow report for RS232
Sat Oct 01 23:16:32 2016
Quartus II 32-bit Version 13.0.1 Build 232 06/12/2013 Service Pack 1 SJ Web Edition


---------------------
; Table of Contents ;
---------------------
  1. Legal Notice
  2. Flow Summary
  3. Flow Settings
  4. Flow Non-Default Global Settings
  5. Flow Elapsed Time
  6. Flow OS Summary
  7. Flow Log
  8. Flow Messages
  9. Flow Suppressed Messages



----------------
; Legal Notice ;
----------------
Copyright (C) 1991-2013 Altera Corporation
Your use of Altera Corporation's design tools, logic functions 
and other software and tools, and its AMPP partner logic 
functions, and any output files from any of the foregoing 
(including device programming or simulation files), and any 
associated documentation or information are expressly subject 
to the terms and conditions of the Altera Program License 
Subscription Agreement, Altera MegaCore Function License 
Agreement, or other applicable license agreement, including, 
without limitation, that your use is for the sole purpose of 
programming logic devices manufactured by Altera and sold by 
Altera or its authorized distributors.  Please refer to the 
applicable agreement for further details.



+-----------------------------------------------------------------------------+
; Flow Summary                                                                ;
+---------------------------+-------------------------------------------------+
; Flow Status               ; Successful - Sat Oct 01 23:16:32 2016           ;
; Quartus II 32-bit Version ; 13.0.1 Build 232 06/12/2013 SP 1 SJ Web Edition ;
; Revision Name             ; RS232                                           ;
; Top-level Entity Name     ; RS232                                           ;
; Family                    ; MAX II                                          ;
; Device                    ; EPM240T100C5                                    ;
; Timing Models             ; Final                                           ;
; Total logic elements      ; 87 / 240 ( 36 % )                               ;
; Total pins                ; 3 / 80 ( 4 % )                                  ;
; Total virtual pins        ; 0                                               ;
; UFM blocks                ; 0 / 1 ( 0 % )                                   ;
+---------------------------+-------------------------------------------------+


+-----------------------------------------+
; Flow Settings                           ;
+-------------------+---------------------+
; Option            ; Setting             ;
+-------------------+---------------------+
; Start date & time ; 10/01/2016 23:16:19 ;
; Main task         ; Compilation         ;
; Revision Name     ; RS232               ;
+-------------------+---------------------+


+------------------------------------------------------------------------------------------------------------------------------+
; Flow Non-Default Global Settings                                                                                             ;
+---------------------------------------+---------------------------------+---------------+-------------+----------------------+
; Assignment Name                       ; Value                           ; Default Value ; Entity Name ; Section Id           ;
+---------------------------------------+---------------------------------+---------------+-------------+----------------------+
; COMPILER_SIGNATURE_ID                 ; 215805353732027.147537457903152 ; --            ; --          ; --                   ;
; EDA_DESIGN_ENTRY_SYNTHESIS_TOOL       ; Custom                          ; <None>        ; --          ; --                   ;
; EDA_INPUT_DATA_FORMAT                 ; Verilog Hdl                     ; --            ; --          ; eda_design_synthesis ;
; MAX_CORE_JUNCTION_TEMP                ; 85                              ; --            ; --          ; --                   ;
; MIN_CORE_JUNCTION_TEMP                ; 0                               ; --            ; --          ; --                   ;
; POWER_EXT_SUPPLY_VOLTAGE_TO_REGULATOR ; 3.3V                            ; --            ; --          ; --                   ;
; PROJECT_OUTPUT_DIRECTORY              ; output_files                    ; --            ; --          ; --                   ;
+---------------------------------------+---------------------------------+---------------+-------------+----------------------+


+-------------------------------------------------------------------------------------------------------------------------------+
; Flow Elapsed Time                                                                                                             ;
+---------------------------+--------------+-------------------------+---------------------+------------------------------------+
; Module Name               ; Elapsed Time ; Average Processors Used ; Peak Virtual Memory ; Total CPU Time (on all processors) ;
+---------------------------+--------------+-------------------------+---------------------+------------------------------------+
; Analysis & Synthesis      ; 00:00:01     ; 1.0                     ; 342 MB              ; 00:00:01                           ;
; Fitter                    ; 00:00:02     ; 1.0                     ; 399 MB              ; 00:00:02                           ;
; Assembler                 ; 00:00:00     ; 1.0                     ; 322 MB              ; 00:00:01                           ;
; TimeQuest Timing Analyzer ; 00:00:01     ; 1.0                     ; 303 MB              ; 00:00:01                           ;
; Total                     ; 00:00:04     ; --                      ; --                  ; 00:00:05                           ;
+---------------------------+--------------+-------------------------+---------------------+------------------------------------+


+----------------------------------------------------------------------------------------+
; Flow OS Summary                                                                        ;
+---------------------------+------------------+-----------+------------+----------------+
; Module Name               ; Machine Hostname ; OS Name   ; OS Version ; Processor type ;
+---------------------------+------------------+-----------+------------+----------------+
; Analysis & Synthesis      ; PC-PC            ; Windows 7 ; 6.1        ; i686           ;
; Fitter                    ; PC-PC            ; Windows 7 ; 6.1        ; i686           ;
; Assembler                 ; PC-PC            ; Windows 7 ; 6.1        ; i686           ;
; TimeQuest Timing Analyzer ; PC-PC            ; Windows 7 ; 6.1        ; i686           ;
+---------------------------+------------------+-----------+------------+----------------+


------------
; Flow Log ;
------------
quartus_map --read_settings_files=on --write_settings_files=off RS232 -c RS232
quartus_fit --read_settings_files=off --write_settings_files=off RS232 -c RS232
quartus_asm --read_settings_files=off --write_settings_files=off RS232 -c RS232
quartus_sta RS232 -c RS232
quartus_eda --read_settings_files=off --write_settings_files=off RS232 -c RS232



