Analysis & Synthesis report for RS232
Sat Oct 01 23:16:20 2016
Quartus II 32-bit Version 13.0.1 Build 232 06/12/2013 Service Pack 1 SJ Web Edition


---------------------
; Table of Contents ;
---------------------
  1. Legal Notice
  2. Analysis & Synthesis Summary
  3. Analysis & Synthesis Settings
  4. Parallel Compilation
  5. Analysis & Synthesis Source Files Read
  6. Analysis & Synthesis Resource Usage Summary
  7. Analysis & Synthesis Resource Utilization by Entity
  8. General Register Statistics
  9. Inverted Register Statistics
 10. Multiplexer Restructuring Statistics (Restructuring Performed)
 11. Parameter Settings for User Entity Instance: async_transmitter:transmissor
 12. Parameter Settings for User Entity Instance: async_transmitter:transmissor|BaudTickGen:tickgen
 13. Parameter Settings for User Entity Instance: async_receiver:receptor
 14. Parameter Settings for User Entity Instance: async_receiver:receptor|BaudTickGen:tickgen
 15. Port Connectivity Checks: "async_receiver:receptor|BaudTickGen:tickgen"
 16. Port Connectivity Checks: "async_receiver:receptor"
 17. Port Connectivity Checks: "async_transmitter:transmissor"
 18. Analysis & Synthesis Messages



----------------
; Legal Notice ;
----------------
Copyright (C) 1991-2013 Altera Corporation
Your use of Altera Corporation's design tools, logic functions 
and other software and tools, and its AMPP partner logic 
functions, and any output files from any of the foregoing 
(including device programming or simulation files), and any 
associated documentation or information are expressly subject 
to the terms and conditions of the Altera Program License 
Subscription Agreement, Altera MegaCore Function License 
Agreement, or other applicable license agreement, including, 
without limitation, that your use is for the sole purpose of 
programming logic devices manufactured by Altera and sold by 
Altera or its authorized distributors.  Please refer to the 
applicable agreement for further details.



+-------------------------------------------------------------------------------+
; Analysis & Synthesis Summary                                                  ;
+-----------------------------+-------------------------------------------------+
; Analysis & Synthesis Status ; Successful - Sat Oct 01 23:16:20 2016           ;
; Quartus II 32-bit Version   ; 13.0.1 Build 232 06/12/2013 SP 1 SJ Web Edition ;
; Revision Name               ; RS232                                           ;
; Top-level Entity Name       ; RS232                                           ;
; Family                      ; MAX II                                          ;
; Total logic elements        ; 87                                              ;
; Total pins                  ; 3                                               ;
; Total virtual pins          ; 0                                               ;
; UFM blocks                  ; 0 / 1 ( 0 % )                                   ;
+-----------------------------+-------------------------------------------------+


+----------------------------------------------------------------------------------------------------------------------+
; Analysis & Synthesis Settings                                                                                        ;
+----------------------------------------------------------------------------+--------------------+--------------------+
; Option                                                                     ; Setting            ; Default Value      ;
+----------------------------------------------------------------------------+--------------------+--------------------+
; Device                                                                     ; EPM240T100C5       ;                    ;
; Top-level entity name                                                      ; RS232              ; RS232              ;
; Family name                                                                ; MAX II             ; Cyclone IV GX      ;
; Use smart compilation                                                      ; Off                ; Off                ;
; Enable parallel Assembler and TimeQuest Timing Analyzer during compilation ; On                 ; On                 ;
; Enable compact report table                                                ; Off                ; Off                ;
; Restructure Multiplexers                                                   ; Auto               ; Auto               ;
; Create Debugging Nodes for IP Cores                                        ; Off                ; Off                ;
; Preserve fewer node names                                                  ; On                 ; On                 ;
; Disable OpenCore Plus hardware evaluation                                  ; Off                ; Off                ;
; Verilog Version                                                            ; Verilog_2001       ; Verilog_2001       ;
; VHDL Version                                                               ; VHDL_1993          ; VHDL_1993          ;
; State Machine Processing                                                   ; Auto               ; Auto               ;
; Safe State Machine                                                         ; Off                ; Off                ;
; Extract Verilog State Machines                                             ; On                 ; On                 ;
; Extract VHDL State Machines                                                ; On                 ; On                 ;
; Ignore Verilog initial constructs                                          ; Off                ; Off                ;
; Iteration limit for constant Verilog loops                                 ; 5000               ; 5000               ;
; Iteration limit for non-constant Verilog loops                             ; 250                ; 250                ;
; Add Pass-Through Logic to Inferred RAMs                                    ; On                 ; On                 ;
; Infer RAMs from Raw Logic                                                  ; On                 ; On                 ;
; Parallel Synthesis                                                         ; On                 ; On                 ;
; NOT Gate Push-Back                                                         ; On                 ; On                 ;
; Power-Up Don't Care                                                        ; On                 ; On                 ;
; Remove Redundant Logic Cells                                               ; Off                ; Off                ;
; Remove Duplicate Registers                                                 ; On                 ; On                 ;
; Ignore CARRY Buffers                                                       ; Off                ; Off                ;
; Ignore CASCADE Buffers                                                     ; Off                ; Off                ;
; Ignore GLOBAL Buffers                                                      ; Off                ; Off                ;
; Ignore ROW GLOBAL Buffers                                                  ; Off                ; Off                ;
; Ignore LCELL Buffers                                                       ; Off                ; Off                ;
; Ignore SOFT Buffers                                                        ; On                 ; On                 ;
; Limit AHDL Integers to 32 Bits                                             ; Off                ; Off                ;
; Optimization Technique                                                     ; Balanced           ; Balanced           ;
; Carry Chain Length                                                         ; 70                 ; 70                 ;
; Auto Carry Chains                                                          ; On                 ; On                 ;
; Auto Open-Drain Pins                                                       ; On                 ; On                 ;
; Perform WYSIWYG Primitive Resynthesis                                      ; Off                ; Off                ;
; Auto Shift Register Replacement                                            ; Auto               ; Auto               ;
; Allow Shift Register Merging across Hierarchies                            ; Auto               ; Auto               ;
; Auto Clock Enable Replacement                                              ; On                 ; On                 ;
; Allow Synchronous Control Signals                                          ; On                 ; On                 ;
; Force Use of Synchronous Clear Signals                                     ; Off                ; Off                ;
; Auto Resource Sharing                                                      ; Off                ; Off                ;
; Use LogicLock Constraints during Resource Balancing                        ; On                 ; On                 ;
; Ignore translate_off and synthesis_off directives                          ; Off                ; Off                ;
; Report Parameter Settings                                                  ; On                 ; On                 ;
; Report Source Assignments                                                  ; On                 ; On                 ;
; Report Connectivity Checks                                                 ; On                 ; On                 ;
; Ignore Maximum Fan-Out Assignments                                         ; Off                ; Off                ;
; Synchronization Register Chain Length                                      ; 2                  ; 2                  ;
; PowerPlay Power Optimization                                               ; Normal compilation ; Normal compilation ;
; HDL message level                                                          ; Level2             ; Level2             ;
; Suppress Register Optimization Related Messages                            ; Off                ; Off                ;
; Number of Removed Registers Reported in Synthesis Report                   ; 5000               ; 5000               ;
; Number of Swept Nodes Reported in Synthesis Report                         ; 5000               ; 5000               ;
; Number of Inverted Registers Reported in Synthesis Report                  ; 100                ; 100                ;
; Clock MUX Protection                                                       ; On                 ; On                 ;
; Block Design Naming                                                        ; Auto               ; Auto               ;
; Synthesis Effort                                                           ; Auto               ; Auto               ;
; Shift Register Replacement - Allow Asynchronous Clear Signal               ; On                 ; On                 ;
; Pre-Mapping Resynthesis Optimization                                       ; Off                ; Off                ;
; Analysis & Synthesis Message Level                                         ; Medium             ; Medium             ;
; Disable Register Merging Across Hierarchies                                ; Auto               ; Auto               ;
; Synthesis Seed                                                             ; 1                  ; 1                  ;
+----------------------------------------------------------------------------+--------------------+--------------------+


Parallel compilation was disabled, but you have multiple processors available. Enable parallel compilation to reduce compilation time.
+-------------------------------------+
; Parallel Compilation                ;
+----------------------------+--------+
; Processors                 ; Number ;
+----------------------------+--------+
; Number detected on machine ; 4      ;
; Maximum allowed            ; 1      ;
+----------------------------+--------+


+----------------------------------------------------------------------------------------------------------------------------+
; Analysis & Synthesis Source Files Read                                                                                     ;
+----------------------------------+-----------------+------------------------+------------------------------------+---------+
; File Name with User-Entered Path ; Used in Netlist ; File Type              ; File Name with Absolute Path       ; Library ;
+----------------------------------+-----------------+------------------------+------------------------------------+---------+
; RS232.v                          ; yes             ; User Verilog HDL File  ; C:/LOOPBACK/RS232.v                ;         ;
; frquency_divider_by2.v           ; yes             ; User Verilog HDL File  ; C:/LOOPBACK/frquency_divider_by2.v ;         ;
; async_transmitter.v              ; yes             ; User Verilog HDL File  ; C:/LOOPBACK/async_transmitter.v    ;         ;
; async_receiver.v                 ; yes             ; User Verilog HDL File  ; C:/LOOPBACK/async_receiver.v       ;         ;
+----------------------------------+-----------------+------------------------+------------------------------------+---------+


+--------------------------------------------------------------------------------+
; Analysis & Synthesis Resource Usage Summary                                    ;
+---------------------------------------------+----------------------------------+
; Resource                                    ; Usage                            ;
+---------------------------------------------+----------------------------------+
; Total logic elements                        ; 87                               ;
;     -- Combinational with no register       ; 23                               ;
;     -- Register only                        ; 8                                ;
;     -- Combinational with a register        ; 56                               ;
;                                             ;                                  ;
; Logic element usage by number of LUT inputs ;                                  ;
;     -- 4 input functions                    ; 21                               ;
;     -- 3 input functions                    ; 14                               ;
;     -- 2 input functions                    ; 34                               ;
;     -- 1 input functions                    ; 9                                ;
;     -- 0 input functions                    ; 1                                ;
;                                             ;                                  ;
; Logic elements by mode                      ;                                  ;
;     -- normal mode                          ; 60                               ;
;     -- arithmetic mode                      ; 27                               ;
;     -- qfbk mode                            ; 0                                ;
;     -- register cascade mode                ; 0                                ;
;     -- synchronous clear/load mode          ; 16                               ;
;     -- asynchronous clear/load mode         ; 0                                ;
;                                             ;                                  ;
; Total registers                             ; 64                               ;
; Total logic cells in carry chains           ; 29                               ;
; I/O pins                                    ; 3                                ;
; Maximum fan-out node                        ; frquency_divider_by2:divide|clk3 ;
; Maximum fan-out                             ; 63                               ;
; Total fan-out                               ; 324                              ;
; Average fan-out                             ; 3.60                             ;
+---------------------------------------------+----------------------------------+


+-------------------------------------------------------------------------------------------------------------------------------------------------------------------------------------------------------------------------------------------------------------------+
; Analysis & Synthesis Resource Utilization by Entity                                                                                                                                                                                                               ;
+------------------------------------+-------------+--------------+------------+------+--------------+--------------+-------------------+------------------+-----------------+------------+----------------------------------------------------------+--------------+
; Compilation Hierarchy Node         ; Logic Cells ; LC Registers ; UFM Blocks ; Pins ; Virtual Pins ; LUT-Only LCs ; Register-Only LCs ; LUT/Register LCs ; Carry Chain LCs ; Packed LCs ; Full Hierarchy Name                                      ; Library Name ;
+------------------------------------+-------------+--------------+------------+------+--------------+--------------+-------------------+------------------+-----------------+------------+----------------------------------------------------------+--------------+
; |RS232                             ; 87 (1)      ; 64           ; 0          ; 3    ; 0            ; 23 (1)       ; 8 (0)             ; 56 (0)           ; 29 (0)          ; 0 (0)      ; |RS232                                                   ; work         ;
;    |async_receiver:receptor|       ; 44 (30)     ; 34           ; 0          ; 0    ; 0            ; 10 (9)       ; 8 (8)             ; 26 (13)          ; 13 (0)          ; 0 (0)      ; |RS232|async_receiver:receptor                           ; work         ;
;       |BaudTickGen:tickgen|        ; 14 (14)     ; 13           ; 0          ; 0    ; 0            ; 1 (1)        ; 0 (0)             ; 13 (13)          ; 13 (13)         ; 0 (0)      ; |RS232|async_receiver:receptor|BaudTickGen:tickgen       ; work         ;
;    |async_transmitter:transmissor| ; 40 (24)     ; 28           ; 0          ; 0    ; 0            ; 12 (12)      ; 0 (0)             ; 28 (12)          ; 16 (0)          ; 0 (0)      ; |RS232|async_transmitter:transmissor                     ; work         ;
;       |BaudTickGen:tickgen|        ; 16 (16)     ; 16           ; 0          ; 0    ; 0            ; 0 (0)        ; 0 (0)             ; 16 (16)          ; 16 (16)         ; 0 (0)      ; |RS232|async_transmitter:transmissor|BaudTickGen:tickgen ; work         ;
;    |frquency_divider_by2:divide|   ; 2 (2)       ; 2            ; 0          ; 0    ; 0            ; 0 (0)        ; 0 (0)             ; 2 (2)            ; 0 (0)           ; 0 (0)      ; |RS232|frquency_divider_by2:divide                       ; work         ;
+------------------------------------+-------------+--------------+------------+------+--------------+--------------+-------------------+------------------+-----------------+------------+----------------------------------------------------------+--------------+
Note: For table entries with two numbers listed, the numbers in parentheses indicate the number of resources of the given type used by the specific entity alone. The numbers listed outside of parentheses indicate the total resources of the given type used by the specific entity and all of its sub-entities in the hierarchy.


+------------------------------------------------------+
; General Register Statistics                          ;
+----------------------------------------------+-------+
; Statistic                                    ; Value ;
+----------------------------------------------+-------+
; Total registers                              ; 64    ;
; Number of registers using Synchronous Clear  ; 0     ;
; Number of registers using Synchronous Load   ; 16    ;
; Number of registers using Asynchronous Clear ; 0     ;
; Number of registers using Asynchronous Load  ; 0     ;
; Number of registers using Clock Enable       ; 21    ;
; Number of registers using Preset             ; 0     ;
+----------------------------------------------+-------+


+--------------------------------------------------+
; Inverted Register Statistics                     ;
+----------------------------------------+---------+
; Inverted Register                      ; Fan out ;
+----------------------------------------+---------+
; async_receiver:receptor|RxD_bit        ; 4       ;
; async_receiver:receptor|Filter_cnt[0]  ; 3       ;
; async_receiver:receptor|Filter_cnt[1]  ; 3       ;
; async_receiver:receptor|RxD_sync[1]    ; 2       ;
; async_receiver:receptor|RxD_sync[0]    ; 1       ;
; Total number of inverted registers = 5 ;         ;
+----------------------------------------+---------+


+-----------------------------------------------------------------------------------------------------------------------------------------------------------------+
; Multiplexer Restructuring Statistics (Restructuring Performed)                                                                                                  ;
+--------------------+-----------+---------------+----------------------+------------------------+------------+---------------------------------------------------+
; Multiplexer Inputs ; Bus Width ; Baseline Area ; Area if Restructured ; Saving if Restructured ; Registered ; Example Multiplexer Output                        ;
+--------------------+-----------+---------------+----------------------+------------------------+------------+---------------------------------------------------+
; 3:1                ; 7 bits    ; 14 LEs        ; 7 LEs                ; 7 LEs                  ; Yes        ; |RS232|async_transmitter:transmissor|TxD_shift[0] ;
; 3:1                ; 2 bits    ; 4 LEs         ; 0 LEs                ; 4 LEs                  ; Yes        ; |RS232|async_receiver:receptor|Filter_cnt[0]      ;
+--------------------+-----------+---------------+----------------------+------------------------+------------+---------------------------------------------------+


+----------------------------------------------------------------------------+
; Parameter Settings for User Entity Instance: async_transmitter:transmissor ;
+----------------+----------+------------------------------------------------+
; Parameter Name ; Value    ; Type                                           ;
+----------------+----------+------------------------------------------------+
; ClkFrequency   ; 25000000 ; Signed Integer                                 ;
; Baud           ; 115200   ; Signed Integer                                 ;
+----------------+----------+------------------------------------------------+
Note: In order to hide this table in the UI and the text report file, please set the "Show Parameter Settings in Synthesis Report" option in "Analysis and Synthesis Settings -> More Settings" to "Off".


+------------------------------------------------------------------------------------------------+
; Parameter Settings for User Entity Instance: async_transmitter:transmissor|BaudTickGen:tickgen ;
+----------------+----------+--------------------------------------------------------------------+
; Parameter Name ; Value    ; Type                                                               ;
+----------------+----------+--------------------------------------------------------------------+
; ClkFrequency   ; 25000000 ; Signed Integer                                                     ;
; Baud           ; 115200   ; Signed Integer                                                     ;
; Oversampling   ; 1        ; Signed Integer                                                     ;
+----------------+----------+--------------------------------------------------------------------+
Note: In order to hide this table in the UI and the text report file, please set the "Show Parameter Settings in Synthesis Report" option in "Analysis and Synthesis Settings -> More Settings" to "Off".


+----------------------------------------------------------------------+
; Parameter Settings for User Entity Instance: async_receiver:receptor ;
+----------------+----------+------------------------------------------+
; Parameter Name ; Value    ; Type                                     ;
+----------------+----------+------------------------------------------+
; ClkFrequency   ; 25000000 ; Signed Integer                           ;
; Baud           ; 115200   ; Signed Integer                           ;
; Oversampling   ; 8        ; Signed Integer                           ;
+----------------+----------+------------------------------------------+
Note: In order to hide this table in the UI and the text report file, please set the "Show Parameter Settings in Synthesis Report" option in "Analysis and Synthesis Settings -> More Settings" to "Off".


+------------------------------------------------------------------------------------------+
; Parameter Settings for User Entity Instance: async_receiver:receptor|BaudTickGen:tickgen ;
+----------------+----------+--------------------------------------------------------------+
; Parameter Name ; Value    ; Type                                                         ;
+----------------+----------+--------------------------------------------------------------+
; ClkFrequency   ; 25000000 ; Signed Integer                                               ;
; Baud           ; 115200   ; Signed Integer                                               ;
; Oversampling   ; 8        ; Signed Integer                                               ;
+----------------+----------+--------------------------------------------------------------+
Note: In order to hide this table in the UI and the text report file, please set the "Show Parameter Settings in Synthesis Report" option in "Analysis and Synthesis Settings -> More Settings" to "Off".


+-------------------------------------------------------------------------+
; Port Connectivity Checks: "async_receiver:receptor|BaudTickGen:tickgen" ;
+--------+-------+----------+---------------------------------------------+
; Port   ; Type  ; Severity ; Details                                     ;
+--------+-------+----------+---------------------------------------------+
; enable ; Input ; Info     ; Stuck at VCC                                ;
+--------+-------+----------+---------------------------------------------+


+--------------------------------------------------------------+
; Port Connectivity Checks: "async_receiver:receptor"          ;
+-----------------+--------+----------+------------------------+
; Port            ; Type   ; Severity ; Details                ;
+-----------------+--------+----------+------------------------+
; RxD_idle        ; Output ; Info     ; Explicitly unconnected ;
; RxD_endofpacket ; Output ; Info     ; Explicitly unconnected ;
+-----------------+--------+----------+------------------------+


+-----------------------------------------------------------+
; Port Connectivity Checks: "async_transmitter:transmissor" ;
+----------+--------+----------+----------------------------+
; Port     ; Type   ; Severity ; Details                    ;
+----------+--------+----------+----------------------------+
; TxD_busy ; Output ; Info     ; Explicitly unconnected     ;
+----------+--------+----------+----------------------------+


+-------------------------------+
; Analysis & Synthesis Messages ;
+-------------------------------+
Info: *******************************************************************
Info: Running Quartus II 32-bit Analysis & Synthesis
    Info: Version 13.0.1 Build 232 06/12/2013 Service Pack 1 SJ Web Edition
    Info: Processing started: Sat Oct 01 23:16:19 2016
Info: Command: quartus_map --read_settings_files=on --write_settings_files=off RS232 -c RS232
Warning (20028): Parallel compilation is not licensed and has been disabled
Info (12021): Found 2 design units, including 2 entities, in source file rs232.v
    Info (12023): Found entity 1: RS232
    Info (12023): Found entity 2: BaudTickGen
Info (12021): Found 1 design units, including 1 entities, in source file frquency_divider_by2.v
    Info (12023): Found entity 1: frquency_divider_by2
Info (12021): Found 1 design units, including 1 entities, in source file async_transmitter.v
    Info (12023): Found entity 1: async_transmitter
Info (12021): Found 1 design units, including 1 entities, in source file async_receiver.v
    Info (12023): Found entity 1: async_receiver
Warning (12162): EDA synthesis tool is specified as "Custom", but Library Mapping File is not specified
Warning (12163): EDA synthesis tool is specified as "Custom", but VCC is not specified
Warning (12164): EDA synthesis tool is specified as "Custom", but GND is not specified
Info (12127): Elaborating entity "RS232" for the top level hierarchy
Info (12128): Elaborating entity "frquency_divider_by2" for hierarchy "frquency_divider_by2:divide"
Info (12128): Elaborating entity "async_transmitter" for hierarchy "async_transmitter:transmissor"
Info (12128): Elaborating entity "BaudTickGen" for hierarchy "async_transmitter:transmissor|BaudTickGen:tickgen"
Info (12128): Elaborating entity "async_receiver" for hierarchy "async_receiver:receptor"
Info (12128): Elaborating entity "BaudTickGen" for hierarchy "async_receiver:receptor|BaudTickGen:tickgen"
Warning (12162): EDA synthesis tool is specified as "Custom", but Library Mapping File is not specified
Warning (12163): EDA synthesis tool is specified as "Custom", but VCC is not specified
Warning (12164): EDA synthesis tool is specified as "Custom", but GND is not specified
Info (21057): Implemented 90 device resources after synthesis - the final resource count might be different
    Info (21058): Implemented 2 input pins
    Info (21059): Implemented 1 output pins
    Info (21061): Implemented 87 logic cells
Info: Quartus II 32-bit Analysis & Synthesis was successful. 0 errors, 7 warnings
    Info: Peak virtual memory: 342 megabytes
    Info: Processing ended: Sat Oct 01 23:16:20 2016
    Info: Elapsed time: 00:00:01
    Info: Total CPU time (on all processors): 00:00:01


